
Showing logs for build [32mkoby1-go-demo-6-master-release-tj6ss-4[0m stage [32mfrom-build-pack[0m and container [32mstep-credential-initializer-6x84p[0m
{"level":"warn","ts":1576106644.168155,"logger":"fallback-logger","caller":"logging/config.go:69","msg":"Fetch GitHub commit ID from kodata failed: \"ref: refs/heads/master\" is not a valid GitHub commit ID"}
{"level":"info","ts":1576106644.1688156,"logger":"fallback-logger","caller":"creds-init/main.go:40","msg":"Credentials initialized."}

Showing logs for build [32mkoby1-go-demo-6-master-release-tj6ss-4[0m stage [32mfrom-build-pack[0m and container [32mstep-working-dir-initializer-s5cq9[0m
{"level":"warn","ts":1576106645.2072194,"logger":"fallback-logger","caller":"logging/config.go:69","msg":"Fetch GitHub commit ID from kodata failed: open /var/run/ko/HEAD: no such file or directory"}
{"level":"info","ts":1576106645.2089603,"logger":"fallback-logger","caller":"bash/main.go:65","msg":"Successfully executed command \"mkdir -p /workspace/source\""}

Showing logs for build [32mkoby1-go-demo-6-master-release-tj6ss-4[0m stage [32mfrom-build-pack[0m and container [32mstep-place-tools[0m

Showing logs for build [32mkoby1-go-demo-6-master-release-tj6ss-4[0m stage [32mfrom-build-pack[0m and container [32mstep-git-source-koby1-go-demo-6-master-release-25n7p[0m
{"level":"warn","ts":1576106652.2778037,"logger":"fallback-logger","caller":"logging/config.go:69","msg":"Fetch GitHub commit ID from kodata failed: \"ref: refs/heads/master\" is not a valid GitHub commit ID"}
{"level":"info","ts":1576106652.6561232,"logger":"fallback-logger","caller":"git/git.go:102","msg":"Successfully cloned https://github.com/*****/go-demo-6.git @ v3.0.13 in path /workspace/source"}

Showing logs for build [32mkoby1-go-demo-6-master-release-tj6ss-4[0m stage [32mfrom-build-pack[0m and container [32mstep-git-merge[0m
Using SHAs from PULL_REFS=master:2cc280046e9b5e8c81e91a1d5b22e4d3e9347984
WARNING: no SHAs to merge, falling back to initial cloned commit

Showing logs for build [32mkoby1-go-demo-6-master-release-tj6ss-4[0m stage [32mfrom-build-pack[0m and container [32mstep-setup-jx-git-credentials[0m
Generated Git credentials file /workspace/xdg_config/git/credentials

Showing logs for build [32mkoby1-go-demo-6-master-release-tj6ss-4[0m stage [32mfrom-build-pack[0m and container [32mstep-build-make-build[0m
go: finding github.com/matttproud/golang_protobuf_extensions v1.0.1
go: finding github.com/stretchr/testify v1.2.2
go: finding github.com/prometheus/client_golang v0.9.2
go: finding github.com/stretchr/ob** v0.1.1
go: finding github.com/prometheus/client_model v0.0.0-20180712105110-5c3871d89910
go: finding github.com/pmezard/go-difflib v1.0.0
go: finding github.com/prometheus/procfs v0.0.0-20181204211112-1dc9a6cbc91a
go: finding github.com/prometheus/common v0.0.0-20181126121408-4724e9255275
go: finding github.com/davecgh/go-spew v1.1.1
go: finding gopkg.in/mgo.v2 v2.0.0-20180705113604-9856a29383ce
go: finding github.com/golang/protobuf v1.2.0
go: finding github.com/beorn7/perks v0.0.0-20180321164747-3a771d992973
go: finding golang.org/x/net v0.0.0-20181201002055-351d144fa1fc
go: finding golang.org/x/sync v0.0.0-20181108010431-42b317875d0f
go: downloading github.com/prometheus/client_golang v0.9.2
go: downloading gopkg.in/mgo.v2 v2.0.0-20180705113604-9856a29383ce
go: extracting github.com/prometheus/client_golang v0.9.2
go: downloading github.com/beorn7/perks v0.0.0-20180321164747-3a771d992973
go: downloading github.com/prometheus/common v0.0.0-20181126121408-4724e9255275
go: downloading github.com/prometheus/client_model v0.0.0-20180712105110-5c3871d89910
go: downloading github.com/prometheus/procfs v0.0.0-20181204211112-1dc9a6cbc91a
go: downloading github.com/golang/protobuf v1.2.0
go: extracting github.com/beorn7/perks v0.0.0-20180321164747-3a771d992973
go: extracting gopkg.in/mgo.v2 v2.0.0-20180705113604-9856a29383ce
go: extracting github.com/prometheus/client_model v0.0.0-20180712105110-5c3871d89910
go: extracting github.com/prometheus/common v0.0.0-20181126121408-4724e9255275
go: extracting github.com/prometheus/procfs v0.0.0-20181204211112-1dc9a6cbc91a
go: downloading github.com/matttproud/golang_protobuf_extensions v1.0.1
go: extracting github.com/matttproud/golang_protobuf_extensions v1.0.1
go: extracting github.com/golang/protobuf v1.2.0
CGO_ENABLED=0 GO15VENDOREXPERIMENT=1 go build -ldflags '' -o bin/go-demo-6 main.go

Showing logs for build [32mkoby1-go-demo-6-master-release-tj6ss-4[0m stage [32mfrom-build-pack[0m and container [32mstep-build-container-build[0m
[36mINFO[0m[0000] No base image, nothing to extract            
[36mINFO[0m[0000] cmd: EXPOSE                                  
[36mINFO[0m[0000] Adding exposed port: 8080/tcp                
[36mINFO[0m[0000] Using files from context: [/workspace/source/bin] 
[36mINFO[0m[0000] Skipping unpacking as no commands require it. 
[36mINFO[0m[0000] Taking snapshot of full filesystem...        
[36mINFO[0m[0000] EXPOSE 8080                                  
[36mINFO[0m[0000] cmd: EXPOSE                                  
[36mINFO[0m[0000] Adding exposed port: 8080/tcp                
[36mINFO[0m[0000] No files changed in this command, skipping snapshotting. 
[36mINFO[0m[0000] ENTRYPOINT ["/go-demo-6"]                    
[36mINFO[0m[0000] No files changed in this command, skipping snapshotting. 
[36mINFO[0m[0000] Using files from context: [/workspace/source/bin] 
[36mINFO[0m[0000] COPY ./bin/ /                                
[36mINFO[0m[0000] Taking snapshot of files...                  
2019/12/11 23:24:44 pushed blob: sha256:af25a19edc09601911897cd618090540fc5e7d8504f8d892cff9e856b0ab47db
2019/12/11 23:24:45 pushed blob: sha256:668949689faad0607aef42a5a21fdb054a3b7024e2391fab34035d39d8cde089
2019/12/11 23:24:45 gcr.io/academic-timing-241920/go-demo-6:3.0.13: digest: sha256:fafe5c21a3a6f968c10aa15948fd066cf28887a8b7c33cc1ac61ef67e2df54ce size: 428

Showing logs for build [32mkoby1-go-demo-6-master-release-tj6ss-4[0m stage [32mfrom-build-pack[0m and container [32mstep-build-post-build[0m
no CVE provider running in the current ** namespace so skip adding image to be analysed

Showing logs for build [32mkoby1-go-demo-6-master-release-tj6ss-4[0m stage [32mfrom-build-pack[0m and container [32mstep-promote-changelog[0m
Converted /workspace/source/charts/go-demo-6 to an unshallow repository
Generating change log from git ref 26f87c0ecd7254069c11124136bcfabfb1c6df7f => 333211c86af7489e58e4188075262779a488634b
Associating user x-0 in users.jenkins.io with email bek775@gmail.com to git GitProvider user with login -0 as emails match
Adding label jenkins.io/git-github-userid=-0 to user x-0 in users.jenkins.io
WARNING: Failed to enrich commit 2cc280046e9b5e8c81e91a1d5b22e4d3e9347984 with issues: User.jenkins.io "x-0" is invalid: metadata.labels: Invalid value: "-0": a valid label must be an empty string or consist of alphanumeric characters, '-', '_' or '.', and must start and end with an alphanumeric character (e.g. 'MyValue',  or 'my_value',  or '12345', regex used for validation is '(([A-Za-z0-9][-A-Za-z0-9_.]*)?[A-Za-z0-9])?')
Associating user x-0 in users.jenkins.io with email bek775@gmail.com to git GitProvider user with login -0 as emails match
Adding label jenkins.io/git-github-userid=-0 to user x-0 in users.jenkins.io
WARNING: Failed to enrich commit 2cc280046e9b5e8c81e91a1d5b22e4d3e9347984 with issues: User.jenkins.io "x-0" is invalid: metadata.labels: Invalid value: "-0": a valid label must be an empty string or consist of alphanumeric characters, '-', '_' or '.', and must start and end with an alphanumeric character (e.g. 'MyValue',  or 'my_value',  or '12345', regex used for validation is '(([A-Za-z0-9][-A-Za-z0-9_.]*)?[A-Za-z0-9])?')
Finding issues in commit messages using git format
WARNING: No release found for *****/go-demo-6 and tag v3.0.13 so creating a new release
Updated the release information at https://github.com/*****/go-demo-6/releases/tag/v3.0.13
generated: /workspace/source/charts/go-demo-6/templates/release.yaml
Created Release go-demo-6-3-0-13 resource in namespace **
Updating PipelineActivity *****-go-demo-6-master-4 with version 3.0.13
Updated PipelineActivities *****-go-demo-6-master-4 with release notes URL: https://github.com/*****/go-demo-6/releases/tag/v3.0.13

Showing logs for build [32mkoby1-go-demo-6-master-release-tj6ss-4[0m stage [32mfrom-build-pack[0m and container [32mstep-promote-helm-release[0m
WARNING: No $CHART_REPOSITORY defined so using the default value of: http://jenkins-x-chartmuseum:8080
Adding missing Helm repo: storage.googleapis.com https://storage.googleapis.com/chartmuseum.jenkins-x.io
Successfully added Helm repository storage.googleapis.com.
Adding missing Helm repo: jenkins-x-chartmuseum http://jenkins-x-chartmuseum:8080
Successfully added Helm repository jenkins-x-chartmuseum.
WARNING: No $CHART_REPOSITORY defined so using the default value of: http://jenkins-x-chartmuseum:8080
error: failed to build dependencies for chart from directory '.': failed to lint the chart '.': failed to run 'helm lint --values values.yaml' command in directory '.', output: '==> Linting .
[ERROR] templates/: parse error in "go-demo-6/templates/deployment.yaml": template: go-demo-6/templates/deployment.yaml:51: unexpected {{end}}

Error: 1 chart(s) linted, 1 chart(s) failed'
[31m
Pipeline failed on stage 'from-build-pack' : container 'step-promote-helm-release'. The execution of the pipeline has stopped.[0m
