
Showing logs for build [32mkoby1-go-demo-6-master-release-tzsfs-7[0m stage [32mfrom-build-pack[0m and container [32mstep-credential-initializer-2vsw8[0m
{"level":"warn","ts":1576107809.2453678,"logger":"fallback-logger","caller":"logging/config.go:69","msg":"Fetch GitHub commit ID from kodata failed: \"ref: refs/heads/master\" is not a valid GitHub commit ID"}
{"level":"info","ts":1576107809.247939,"logger":"fallback-logger","caller":"creds-init/main.go:40","msg":"Credentials initialized."}

Showing logs for build [32mkoby1-go-demo-6-master-release-tzsfs-7[0m stage [32mfrom-build-pack[0m and container [32mstep-working-dir-initializer-zzjpx[0m
{"level":"warn","ts":1576107810.179792,"logger":"fallback-logger","caller":"logging/config.go:69","msg":"Fetch GitHub commit ID from kodata failed: open /var/run/ko/HEAD: no such file or directory"}
{"level":"info","ts":1576107810.181537,"logger":"fallback-logger","caller":"bash/main.go:65","msg":"Successfully executed command \"mkdir -p /workspace/source\""}

Showing logs for build [32mkoby1-go-demo-6-master-release-tzsfs-7[0m stage [32mfrom-build-pack[0m and container [32mstep-place-tools[0m

Showing logs for build [32mkoby1-go-demo-6-master-release-tzsfs-7[0m stage [32mfrom-build-pack[0m and container [32mstep-git-source-koby1-go-demo-6-master-release-lzjqn[0m
{"level":"warn","ts":1576107818.216679,"logger":"fallback-logger","caller":"logging/config.go:69","msg":"Fetch GitHub commit ID from kodata failed: \"ref: refs/heads/master\" is not a valid GitHub commit ID"}
{"level":"info","ts":1576107818.6033752,"logger":"fallback-logger","caller":"git/git.go:102","msg":"Successfully cloned https://github.com/*****/go-demo-6.git @ v3.0.15 in path /workspace/source"}

Showing logs for build [32mkoby1-go-demo-6-master-release-tzsfs-7[0m stage [32mfrom-build-pack[0m and container [32mstep-git-merge[0m
Using SHAs from PULL_REFS=master:46bc6b4f94e618dced228dde9e3e9871833363f4
WARNING: no SHAs to merge, falling back to initial cloned commit

Showing logs for build [32mkoby1-go-demo-6-master-release-tzsfs-7[0m stage [32mfrom-build-pack[0m and container [32mstep-setup-jx-git-credentials[0m
Generated Git credentials file /workspace/xdg_config/git/credentials

Showing logs for build [32mkoby1-go-demo-6-master-release-tzsfs-7[0m stage [32mfrom-build-pack[0m and container [32mstep-build-make-build[0m
go: finding github.com/stretchr/ob** v0.1.1
go: finding github.com/matttproud/golang_protobuf_extensions v1.0.1
go: finding github.com/stretchr/testify v1.2.2
go: finding github.com/golang/protobuf v1.2.0
go: finding github.com/prometheus/client_model v0.0.0-20180712105110-5c3871d89910
go: finding github.com/prometheus/procfs v0.0.0-20181204211112-1dc9a6cbc91a
go: finding github.com/pmezard/go-difflib v1.0.0
go: finding github.com/beorn7/perks v0.0.0-20180321164747-3a771d992973
go: finding github.com/davecgh/go-spew v1.1.1
go: finding gopkg.in/mgo.v2 v2.0.0-20180705113604-9856a29383ce
go: finding github.com/prometheus/common v0.0.0-20181126121408-4724e9255275
go: finding github.com/prometheus/client_golang v0.9.2
go: finding golang.org/x/net v0.0.0-20181201002055-351d144fa1fc
go: finding golang.org/x/sync v0.0.0-20181108010431-42b317875d0f
go: downloading github.com/prometheus/client_golang v0.9.2
go: downloading gopkg.in/mgo.v2 v2.0.0-20180705113604-9856a29383ce
go: extracting github.com/prometheus/client_golang v0.9.2
go: downloading github.com/beorn7/perks v0.0.0-20180321164747-3a771d992973
go: downloading github.com/golang/protobuf v1.2.0
go: downloading github.com/prometheus/client_model v0.0.0-20180712105110-5c3871d89910
go: downloading github.com/prometheus/procfs v0.0.0-20181204211112-1dc9a6cbc91a
go: downloading github.com/prometheus/common v0.0.0-20181126121408-4724e9255275
go: extracting gopkg.in/mgo.v2 v2.0.0-20180705113604-9856a29383ce
go: extracting github.com/beorn7/perks v0.0.0-20180321164747-3a771d992973
go: extracting github.com/prometheus/procfs v0.0.0-20181204211112-1dc9a6cbc91a
go: extracting github.com/prometheus/common v0.0.0-20181126121408-4724e9255275
go: extracting github.com/prometheus/client_model v0.0.0-20180712105110-5c3871d89910
go: downloading github.com/matttproud/golang_protobuf_extensions v1.0.1
go: extracting github.com/matttproud/golang_protobuf_extensions v1.0.1
go: extracting github.com/golang/protobuf v1.2.0
CGO_ENABLED=0 GO15VENDOREXPERIMENT=1 go build -ldflags '' -o bin/go-demo-6 main.go

Showing logs for build [32mkoby1-go-demo-6-master-release-tzsfs-7[0m stage [32mfrom-build-pack[0m and container [32mstep-build-container-build[0m
[36mINFO[0m[0000] No base image, nothing to extract            
[36mINFO[0m[0000] cmd: EXPOSE                                  
[36mINFO[0m[0000] Adding exposed port: 8080/tcp                
[36mINFO[0m[0000] Using files from context: [/workspace/source/bin] 
[36mINFO[0m[0000] Skipping unpacking as no commands require it. 
[36mINFO[0m[0000] Taking snapshot of full filesystem...        
[36mINFO[0m[0000] EXPOSE 8080                                  
[36mINFO[0m[0000] cmd: EXPOSE                                  
[36mINFO[0m[0000] Adding exposed port: 8080/tcp                
[36mINFO[0m[0000] No files changed in this command, skipping snapshotting. 
[36mINFO[0m[0000] ENTRYPOINT ["/go-demo-6"]                    
[36mINFO[0m[0000] No files changed in this command, skipping snapshotting. 
[36mINFO[0m[0000] Using files from context: [/workspace/source/bin] 
[36mINFO[0m[0000] COPY ./bin/ /                                
[36mINFO[0m[0000] Taking snapshot of files...                  
2019/12/11 23:44:10 pushed blob: sha256:7b39a8ea136fd9fd3c539873f3f75a1100e4e56dccf2ddf81c32ec3ae0ee1c6b
2019/12/11 23:44:11 pushed blob: sha256:e63ae47391d8ed1c96026dd2ed7eac6fa7e428f623b2e1cde7de51cdc5155c1f
2019/12/11 23:44:11 gcr.io/academic-timing-241920/go-demo-6:3.0.15: digest: sha256:e5bdaedc1e4320fa2b2a149e6f3a5291af4363fce69a71657cf1ca4cadd9d9f9 size: 428

Showing logs for build [32mkoby1-go-demo-6-master-release-tzsfs-7[0m stage [32mfrom-build-pack[0m and container [32mstep-build-post-build[0m
no CVE provider running in the current ** namespace so skip adding image to be analysed

Showing logs for build [32mkoby1-go-demo-6-master-release-tzsfs-7[0m stage [32mfrom-build-pack[0m and container [32mstep-promote-changelog[0m
Converted /workspace/source/charts/go-demo-6 to an unshallow repository
Generating change log from git ref 610b63fca623b972ea4e06bd7a3ec8e12c7df998 => e7f384c514a1272aaffa6a6fcba3c02f2db94dd2
Associating user x-0 in users.jenkins.io with email bek775@gmail.com to git GitProvider user with login -0 as emails match
Adding label jenkins.io/git-github-userid=-0 to user x-0 in users.jenkins.io
WARNING: Failed to enrich commit 46bc6b4f94e618dced228dde9e3e9871833363f4 with issues: User.jenkins.io "x-0" is invalid: metadata.labels: Invalid value: "-0": a valid label must be an empty string or consist of alphanumeric characters, '-', '_' or '.', and must start and end with an alphanumeric character (e.g. 'MyValue',  or 'my_value',  or '12345', regex used for validation is '(([A-Za-z0-9][-A-Za-z0-9_.]*)?[A-Za-z0-9])?')
Associating user x-0 in users.jenkins.io with email bek775@gmail.com to git GitProvider user with login -0 as emails match
Adding label jenkins.io/git-github-userid=-0 to user x-0 in users.jenkins.io
WARNING: Failed to enrich commit 46bc6b4f94e618dced228dde9e3e9871833363f4 with issues: User.jenkins.io "x-0" is invalid: metadata.labels: Invalid value: "-0": a valid label must be an empty string or consist of alphanumeric characters, '-', '_' or '.', and must start and end with an alphanumeric character (e.g. 'MyValue',  or 'my_value',  or '12345', regex used for validation is '(([A-Za-z0-9][-A-Za-z0-9_.]*)?[A-Za-z0-9])?')
Finding issues in commit messages using git format
WARNING: No release found for *****/go-demo-6 and tag v3.0.15 so creating a new release
Updated the release information at https://github.com/*****/go-demo-6/releases/tag/v3.0.15
generated: /workspace/source/charts/go-demo-6/templates/release.yaml
Created Release go-demo-6-3-0-15 resource in namespace **
Updating PipelineActivity *****-go-demo-6-master-7 with version 3.0.15
Updated PipelineActivities *****-go-demo-6-master-7 with release notes URL: https://github.com/*****/go-demo-6/releases/tag/v3.0.15

Showing logs for build [32mkoby1-go-demo-6-master-release-tzsfs-7[0m stage [32mfrom-build-pack[0m and container [32mstep-promote-helm-release[0m
WARNING: No $CHART_REPOSITORY defined so using the default value of: http://jenkins-x-chartmuseum:8080
Adding missing Helm repo: storage.googleapis.com https://storage.googleapis.com/chartmuseum.jenkins-x.io
Successfully added Helm repository storage.googleapis.com.
Adding missing Helm repo: jenkins-x-chartmuseum http://jenkins-x-chartmuseum:8080
Successfully added Helm repository jenkins-x-chartmuseum.
WARNING: No $CHART_REPOSITORY defined so using the default value of: http://jenkins-x-chartmuseum:8080
WARNING: No $CHART_REPOSITORY defined so using the default value of: http://jenkins-x-chartmuseum:8080
Uploading chart file go-demo-6-3.0.15.tgz to http://jenkins-x-chartmuseum:8080/api/charts
Received 201 response: {"saved":true}

Showing logs for build [32mkoby1-go-demo-6-master-release-tzsfs-7[0m stage [32mfrom-build-pack[0m and container [32mstep-promote-jx-promote[0m
WARNING: prow based install so skip waiting for the merge of Pull Requests to go green as currently there is an issue with gettingstatuses from the PR, see https://github.com/jenkins-x/**/issues/2410
WARNING: No $CHART_REPOSITORY defined so using the default value of: http://jenkins-x-chartmuseum:8080
Promoting app go-demo-6 version 3.0.15 to namespace **-staging
Created Pull Request: https://github.com/*****/environment-**-rocks-staging/pull/4
Added label updatebot to Pull Request https://github.com/*****/environment-**-rocks-staging/pull/4
got git provider status pending from PR https://github.com/*****/environment-**-rocks-staging/pull/4
got git provider status pending from PR https://github.com/*****/environment-**-rocks-staging/pull/4
got git provider status pending from PR https://github.com/*****/environment-**-rocks-staging/pull/4
Pull Request https://github.com/*****/environment-**-rocks-staging/pull/4 is merged at sha c1a3ff689b11fda10e3799ff278b61971d37110c
Pull Request merged but we are not waiting for the update pipeline to complete!
